Resource Report
Microchip Technology Inc. - Microchip Libero Software Release v2024.1 (Version 2024.1.0.3)
Date: Mon Aug 19 14:57:27 2024

Device Selection
+--------------------------------+----------------+
| Family                         | SmartFusion2   |
| Device                         | M2S005         |
| Package                        | 144 TQ         |
| Speed Grade                    | STD            |
| Temp                           | 0:25:85        |
| Voltage                        | 1.26:1.20:1.14 |
| Core Voltage                   | 1.2V           |
| Ramp Rate                      | 100ms Minimum  |
| System Controller Suspend Mode | No             |
| PLL Supply Voltage             | 3.3V           |
| Default I/O technology         | LVCMOS 3.3V    |
| Restrict Probe Pins            | No             |
| Restrict SPI Pins              | No             |
+--------------------------------+----------------+

Source Files
+---------+-----------------------------------------------------------------------+
| Topcell | blink_char_RXTX                                                       |
| Format  | Verilog                                                               |
| Source  | C:\Users\Clara\Documents\blink_char_RXTX\synthesis\blink_char_RXTX.vm |
+---------+-----------------------------------------------------------------------+

Options
+----------------------------------------------------+-------+
| Enable Single Event Transient mitigation           | false |
| Enable Design Separation Methodology               | false |
| Limit the number of high fanout nets to display to | 10    |
+----------------------------------------------------+-------+

Resource Usage
+---------------------------+------+-------+------------+
| Type                      | Used | Total | Percentage |
+---------------------------+------+-------+------------+
| 4LUT                      | 211  | 6060  | 3.48       |
| DFF                       | 127  | 6060  | 2.10       |
| I/O Register              | 0    | 252   | 0.00       |
| User I/O                  | 4    | 84    | 4.76       |
| -- Single-ended I/O       | 4    | 84    | 4.76       |
| -- Differential I/O Pairs | 0    | 38    | 0.00       |
| RAM64x18                  | 0    | 11    | 0.00       |
| RAM1K18                   | 0    | 10    | 0.00       |
| MACC                      | 0    | 11    | 0.00       |
| Chip Globals              | 2    | 8     | 25.00      |
| CCC                       | 1    | 2     | 50.00      |
| RCOSC_25_50MHZ            | 1    | 1     | 100.00     |
| RCOSC_1MHZ                | 0    | 1     | 0.00       |
| XTLOSC                    | 0    | 1     | 0.00       |
| MSS                       | 1    | 1     | 100.00     |
+---------------------------+------+-------+------------+

Detailed Logic Resource Usage
+--------------------------+------+-----+
| Type                     | 4LUT | DFF |
+--------------------------+------+-----+
| Fabric Logic             | 211  | 127 |
| RAM64x18 Interface Logic | 0    | 0   |
| RAM1K18 Interface Logic  | 0    | 0   |
| MACC Interface Logic     | 0    | 0   |
| Total Used               | 211  | 127 |
+--------------------------+------+-----+

MSS Resource Usage
+---------------+------+-------+
| Type          | Used | Total |
+---------------+------+-------+
| Cortex-M3*    | 1    | 1     |
| eNVM (128KB)* | 1    | 1     |
| eSRAM*        | 2    | 2     |
| TIMER*        | 2    | 2     |
| CAN           | 0    | 1     |
| SPI           | 0    | 2     |
| I2C           | 0    | 2     |
| UART          | 1    | 2     |
| USB           | 0    | 1     |
| MAC           | 0    | 1     |
| MDDR          | 0    | 1     |
| HPDMA         | 1    | 1     |
| PDMA          | 1    | 1     |
+---------------+------+-------+

* These resources are always marked as used when you are using the MSS

Detailed Carry Chains Resource Usage
+--------+------+
| Length | Used |
| 10     | 1    |
| 32     | 1    |
| Total  | 2    |
+--------+------+

I/O Function
+-------------------------------+--------------+-------------+-----------------+
| Type                          | w/o register | w/ register | w/ DDR register |
+-------------------------------+--------------+-------------+-----------------+
| Input I/O                     | 1            | 0           | 0               |
| Output I/O                    | 3            | 0           | 0               |
| Bidirectional I/O             | 0            | 0           | 0               |
| Differential Input I/O Pairs  | 0            | 0           | 0               |
| Differential Output I/O Pairs | 0            | 0           | 0               |
+-------------------------------+--------------+-------------+-----------------+

I/O Technology
+--------------+--------+------+-------+--------+---------------+
| I/O Standard | Vddi   | Vref | Input | Output | Bidirectional |
+--------------+--------+------+-------+--------+---------------+
| LVCMOS33     |  3.30v |  N/A |  1    |  3     |  0            |
+--------------+--------+------+-------+--------+---------------+

Nets assigned to chip global resources
+--------+---------+-------------------------------------------------------------------------------+
| Fanout | Type    | Name                                                                          |
+--------+---------+-------------------------------------------------------------------------------+
| 128    | INT_NET | Net   : blink_char_RXTX_sb_0/GL0_INST                                         |
|        |         | Driver: blink_char_RXTX_sb_0/CCC_0/GL0_INST/U0_RGB1                           |
|        |         | Source: NETLIST                                                               |
| 118    | INT_NET | Net   : blink_char_RXTX_sb_0/MSS_HPMS_READY_int                               |
|        |         | Driver: blink_char_RXTX_sb_0/CORERESETP_0/MSS_HPMS_READY_int_RNIKMCH1/U0_RGB1 |
|        |         | Source: NETLIST                                                               |
+--------+---------+-------------------------------------------------------------------------------+

Nets assigned to row global resources
+--------+------+------+
| Fanout | Type | Name |
+--------+------+------+
+--------+------+------+

High fanout nets
+--------+---------+-----------------------------------------------------------------------+
| Fanout | Type    | Name                                                                  |
+--------+---------+-----------------------------------------------------------------------+
| 43     | INT_NET | Net   : blink_char_RXTX_sb_0/CoreTimer_0_0/LoadEnReg_Z                |
|        |         | Driver: blink_char_RXTX_sb_0/CoreTimer_0_0/LoadEnReg                  |
| 42     | INT_NET | Net   : blink_char_RXTX_sb_0/CoreAPB3_0_APBmslave0_PADDR[2]           |
|        |         | Driver: blink_char_RXTX_sb_0/blink_char_RXTX_sb_MSS_0/MSS_ADLIB_INST  |
| 36     | INT_NET | Net   : blink_char_RXTX_sb_0/CoreAPB3_0_APBmslave0_PSELx              |
|        |         | Driver: blink_char_RXTX_sb_0/CoreAPB3_0/iPSELS[0]                     |
| 36     | INT_NET | Net   : blink_char_RXTX_sb_0/CoreTimer_0_0/N_225_i                    |
|        |         | Driver: blink_char_RXTX_sb_0/CoreTimer_0_0/un2_CountIsZero_0_a2_25_o2 |
| 33     | INT_NET | Net   : blink_char_RXTX_sb_0/CoreTimer_0_0/LoadEn                     |
|        |         | Driver: blink_char_RXTX_sb_0/CoreTimer_0_0/LoadEn_0_a3_0_a2           |
| 32     | INT_NET | Net   : blink_char_RXTX_sb_0/CoreTimer_0_0/N_82                       |
|        |         | Driver: blink_char_RXTX_sb_0/CoreTimer_0_0/LoadEnReg_RNIS0GUL1        |
| 27     | INT_NET | Net   : blink_char_RXTX_sb_0/CoreTimer_0_0/N_99                       |
|        |         | Driver: blink_char_RXTX_sb_0/CoreTimer_0_0/PrdataNext_1_m_i_o2[4]     |
| 16     | INT_NET | Net   : blink_char_RXTX_sb_0/CoreAPB3_0_APBmslave0_PADDR[3]           |
|        |         | Driver: blink_char_RXTX_sb_0/blink_char_RXTX_sb_MSS_0/MSS_ADLIB_INST  |
| 13     | INT_NET | Net   : blink_char_RXTX_sb_0/CoreAPB3_0_APBmslave0_PADDR[4]           |
|        |         | Driver: blink_char_RXTX_sb_0/blink_char_RXTX_sb_MSS_0/MSS_ADLIB_INST  |
| 11     | INT_NET | Net   : blink_char_RXTX_sb_0/CoreTimer_0_0/p_m3_e_3_Z                 |
|        |         | Driver: blink_char_RXTX_sb_0/CoreTimer_0_0/p_m3_e_3                   |
+--------+---------+-----------------------------------------------------------------------+

High fanout nets (through buffer trees)
+--------+---------+-----------------------------------------------------------------------+
| Fanout | Type    | Name                                                                  |
+--------+---------+-----------------------------------------------------------------------+
| 43     | INT_NET | Net   : blink_char_RXTX_sb_0/CoreTimer_0_0/LoadEnReg_Z                |
|        |         | Driver: blink_char_RXTX_sb_0/CoreTimer_0_0/LoadEnReg                  |
| 42     | INT_NET | Net   : blink_char_RXTX_sb_0/CoreAPB3_0_APBmslave0_PADDR[2]           |
|        |         | Driver: blink_char_RXTX_sb_0/blink_char_RXTX_sb_MSS_0/MSS_ADLIB_INST  |
| 36     | INT_NET | Net   : blink_char_RXTX_sb_0/CoreAPB3_0_APBmslave0_PSELx              |
|        |         | Driver: blink_char_RXTX_sb_0/CoreAPB3_0/iPSELS[0]                     |
| 36     | INT_NET | Net   : blink_char_RXTX_sb_0/CoreTimer_0_0/N_225_i                    |
|        |         | Driver: blink_char_RXTX_sb_0/CoreTimer_0_0/un2_CountIsZero_0_a2_25_o2 |
| 33     | INT_NET | Net   : blink_char_RXTX_sb_0/CoreTimer_0_0/LoadEn                     |
|        |         | Driver: blink_char_RXTX_sb_0/CoreTimer_0_0/LoadEn_0_a3_0_a2           |
| 32     | INT_NET | Net   : blink_char_RXTX_sb_0/CoreTimer_0_0/N_82                       |
|        |         | Driver: blink_char_RXTX_sb_0/CoreTimer_0_0/LoadEnReg_RNIS0GUL1        |
| 27     | INT_NET | Net   : blink_char_RXTX_sb_0/CoreTimer_0_0/N_99                       |
|        |         | Driver: blink_char_RXTX_sb_0/CoreTimer_0_0/PrdataNext_1_m_i_o2[4]     |
| 16     | INT_NET | Net   : blink_char_RXTX_sb_0/CoreAPB3_0_APBmslave0_PADDR[3]           |
|        |         | Driver: blink_char_RXTX_sb_0/blink_char_RXTX_sb_MSS_0/MSS_ADLIB_INST  |
| 13     | INT_NET | Net   : blink_char_RXTX_sb_0/CoreAPB3_0_APBmslave0_PADDR[4]           |
|        |         | Driver: blink_char_RXTX_sb_0/blink_char_RXTX_sb_MSS_0/MSS_ADLIB_INST  |
| 11     | INT_NET | Net   : blink_char_RXTX_sb_0/CoreTimer_0_0/p_m3_e_3_Z                 |
|        |         | Driver: blink_char_RXTX_sb_0/CoreTimer_0_0/p_m3_e_3                   |
+--------+---------+-----------------------------------------------------------------------+

