Resource Usage Report for blink_char_RXTX 

Mapping to part: m2s005vf400std
Cell usage:
CCC             1 use
CLKINT          2 uses
MSS_005         1 use
RCOSC_25_50MHZ  1 use
SYSRESET        1 use
CFG2           43 uses
CFG3           11 uses
CFG4           115 uses

Carry cells:
ARI1            42 uses - used for arithmetic functions


Sequential Cells: 
SLE            127 uses

DSP Blocks:    0 of 11 (0%)

I/O ports: 5
I/O primitives: 4
INBUF          1 use
OUTBUF         3 uses


Global Clock Buffers: 2

Total LUTs:    211

Extra resources required for RAM and MACC interface logic during P&R:

RAM64x18 Interface Logic : SLEs = 0; LUTs = 0;
RAM1K18  Interface Logic : SLEs = 0; LUTs = 0;
MACC     Interface Logic : SLEs = 0; LUTs = 0;

Total number of SLEs after P&R:  127 + 0 + 0 + 0 = 127;
Total number of LUTs after P&R:  211 + 0 + 0 + 0 = 211;

