Software Version: 2024.1.0.3
Programmer 'S207823' : JTAG TCK / SPI SCK frequency = 1 MHz
programmer 'S207823' : FlashPro5
Opened 'C:\Users\Clara\Documents\blink_char_RXTX\designer\blink_char_RXTX\blink_char_RXTX_fp\blink_char_RXTX.pro'
The 'open_project' command succeeded.
Info: Programming is already enabled for device 'M2S005'.
The 'enable_device' command succeeded.
PPD file 'C:/Users/Clara/Documents/blink_char_RXTX/designer/blink_char_RXTX/blink_char_RXTX.ppd' has been loaded successfully.
DESIGN : blink_char_RXTX;  CHECKSUM : 24C2;  PDB_VERSION : 1.0
The 'set_programming_file' command succeeded.
The 'set_programming_action' command succeeded.
programmer 'S207823' : Scan Chain...
Programmer 'S207823' : JTAG TCK / SPI SCK frequency = 1 MHz
programmer 'S207823' : Check Chain...
programmer 'S207823' : Scan and Check Chain PASSED.
programmer 'S207823' : device 'M2S005' : Executing action PROGRAM
Programmer 'S207823' : JTAG TCK / SPI SCK frequency = 4 MHz
programmer 'S207823' : device 'M2S005' : Family: SmartFusion2
programmer 'S207823' : device 'M2S005' : Product:      M2S005
programmer 'S207823' : device 'M2S005' : Cortex-M3 Enabled (M3_ALLOWED = 1)
programmer 'S207823' : device 'M2S005' : Programming Interface Protocol: JTAG
programmer 'S207823' : device 'M2S005' : EXPORT ISC_ENABLE_RESULT[32] = 005d6724
programmer 'S207823' : device 'M2S005' : EXPORT CRCERR[1] = 0
programmer 'S207823' : device 'M2S005' : EXPORT EDCERR[1] = 0
programmer 'S207823' : device 'M2S005' : Programming FPGA Array...
programmer 'S207823' : device 'M2S005' : EXPORT Fabric component digest[256] = 93a33f849560dc31e8ab56777e3c1a74c1c5dbb02a335639eec34f08905f039f
programmer 'S207823' : device 'M2S005' : ===================================================================================
programmer 'S207823' : device 'M2S005' : EXPORT DSN[128] = 02b1f15c67a4045932a62c2e8857d863
programmer 'S207823' : device 'M2S005' : ===================================================================================
programmer 'S207823' : device 'M2S005' : Finished: Mon Aug 19 15:08:05 2024 (Elapsed time 00:00:17)
programmer 'S207823' : device 'M2S005' : Executing action PROGRAM PASSED.
programmer 'S207823' : Chain programming PASSED.
Chain Programming Finished: Mon Aug 19 15:08:05 2024 (Elapsed time 00:00:17)

                        o - o - o - o - o - o

The 'run_selected_actions' command succeeded.
Project saved.
The 'save_project' command succeeded.
Project closed.
The 'close_project' command succeeded.
The Execute Script command succeeded.
